\BOOKMARK [0][-]{section*.1}{\376\377\000L\036\335\000i\000\040\000c\036\243\000m\000\040\001\241\000n}{}% 1
\BOOKMARK [0][-]{chapter*.3}{\376\377\000D\000a\000n\000h\000\040\000s\000\341\000c\000h\000\040\000h\000\354\000n\000h\000\040\000v\036\275}{}% 2
\BOOKMARK [0][-]{chapter.4}{\376\377\000M\036\336\000\040\001\020\036\246\000U}{}% 3
\BOOKMARK [0][-]{chapter.5}{\376\377\000T\036\324\000N\000G\000\040\000Q\000U\000A\000N}{}% 4
\BOOKMARK [1][-]{section.6}{\376\377\000D\000a\000t\000a\000s\000e\000t\000\040\000s\036\355\000\040\000d\036\345\000n\000g}{chapter.5}% 5
\BOOKMARK [2][-]{subsection.7}{\376\377\000E\000m\000o\000t\000i\000o\000n\000a\000l\000\040\000a\000t\000t\000i\000t\000u\000d\000e\000\040\000c\000a\000p\000t\000i\000o\000n\000i\000n\000g\000\040\000d\000a\000t\000a\000s\000e\000t}{section.6}% 6
\BOOKMARK [2][-]{subsection.9}{\376\377\000F\000l\000i\000c\000k\000r\0008}{section.6}% 7
\BOOKMARK [1][-]{section.10}{\376\377\000M\000\364\000\040\000h\000\354\000n\000h\000\040\000C\000N\000N}{chapter.5}% 8
\BOOKMARK [2][-]{subsection.13}{\376\377\000C\000o\000n\000v\000o\000l\000u\000t\000i\000o\000n\000a\000l\000\040\000l\000a\000y\000e\000r}{section.10}% 9
\BOOKMARK [3][-]{subsubsection*.14}{\376\377\000a\000\051\000\040\000K\000e\000r\000n\000e\000l}{subsection.13}% 10
\BOOKMARK [3][-]{subsubsection*.16}{\376\377\000b\000\051\000\040\000P\000a\000d\000d\000i\000n\000g}{subsection.13}% 11
\BOOKMARK [3][-]{subsubsection*.18}{\376\377\000c\000\051\000\040\000S\000t\000r\000i\000d\000e}{subsection.13}% 12
\BOOKMARK [2][-]{subsection.20}{\376\377\000P\000o\000l\000l\000i\000n\000g\000\040\000l\000a\000y\000e\000r}{section.10}% 13
\BOOKMARK [2][-]{subsection.22}{\376\377\000F\000u\000l\000l\000y\000\040\000c\000o\000n\000n\000e\000c\000t\000e\000d\000\040\000l\000a\000y\000e\000r}{section.10}% 14
\BOOKMARK [1][-]{section.26}{\376\377\000M\000\364\000\040\000h\000\354\000n\000h\000\040\000R\000N\000N}{chapter.5}% 15
\BOOKMARK [1][-]{section.29}{\376\377\000M\000\364\000\040\000h\000\354\000n\000h\000\040\000L\000S\000T\000M}{chapter.5}% 16
\BOOKMARK [2][-]{subsection.30}{\376\377\000S\000h\000o\000r\000t\000\040\000t\000e\000r\000m\000\040\000v\000\340\000\040\000L\000o\000n\000g\000\040\000t\000e\000r\000m\000\040\000m\000e\000m\000o\000r\000y}{section.29}% 17
\BOOKMARK [2][-]{subsection.31}{\376\377\000C\036\245\000u\000\040\000t\000r\000\372\000c\000\040\000m\000\364\000\040\000h\000\354\000n\000h\000\040\000L\000S\000T\000M}{section.29}% 18
\BOOKMARK [0][-]{chapter.33}{\376\377\000X\000\302\000Y\000\040\000D\036\360\000N\000G\000\040\000M\000\324\000\040\000H\000\314\000N\000H}{}% 19
\BOOKMARK [1][-]{section.34}{\376\377\000X\000\342\000y\000\040\000d\036\361\000n\000g\000\040\000m\000\364\000\040\000h\000\354\000n\000h}{chapter.33}% 20
\BOOKMARK [1][-]{section.35}{\376\377\000B\000L\000E\000U\000\040\000S\000c\000o\000r\000e}{chapter.33}% 21
\BOOKMARK [1][-]{section.40}{\376\377\000N\000h\036\255\000n\000\040\000x\000\351\000t\000\040\000k\036\277\000t\000\040\000q\000u\036\243}{chapter.33}% 22
\BOOKMARK [0][-]{chapter*.41}{\376\377\000T\000\340\000i\000\040\000l\000i\036\307\000u\000\040\000t\000h\000a\000m\000\040\000k\000h\036\243\000o}{}% 23
\BOOKMARK [0][-]{appendix.42}{\376\377\000M\000\303\000\040\000N\000G\000U\036\322\000N}{}% 24
